This is pdfTeX, Version 3.14159265-2.6-1.40.20 (MiKTeX 2.9.7250 64-bit) (preloaded format=pdflatex 2020.1.6)  8 JAN 2020 00:25
entering extended mode
**./projekt.tex
(projekt.tex
LaTeX2e <2019-10-01> patch level 3
("C:\Program Files\MiKTeX 2.9\tex/latex/base\report.cls"
Document Class: report 2019/10/25 v1.4k Standard LaTeX document class
("C:\Program Files\MiKTeX 2.9\tex/latex/base\size10.clo"
File: size10.clo 2019/10/25 v1.4k Standard LaTeX file (size option)
)
\c@part=\count80
\c@chapter=\count81
\c@section=\count82
\c@subsection=\count83
\c@subsubsection=\count84
\c@paragraph=\count85
\c@subparagraph=\count86
\c@figure=\count87
\c@table=\count88
\abovecaptionskip=\skip41
\belowcaptionskip=\skip42
\bibindent=\dimen102
)
(C:\Users\Szymon\AppData\Roaming\MiKTeX\2.9\tex/latex/polski\polski.sty
Package: polski 2017/05/04 v1.3.4 Polish language package

   Switching to Polish text encoding and Polish maths fonts.
("C:\Program Files\MiKTeX 2.9\tex/latex/base\ot4enc.def"
File: ot4enc.def 2018/08/11 v2.0j Standard LaTeX file
Now handling font encoding OT4 ...
... no UTF-8 mapping file for font encoding OT4
)
LaTeX Font Info:    Trying to load font information for OT4+cmr on input line 3
60.

(C:\Users\Szymon\AppData\Roaming\MiKTeX\2.9\tex/latex/polski\ot4cmr.fd
File: ot4cmr.fd 2008/02/24 v1.2.1 Font defs for fonts PL (MW)
)
LaTeX Font Info:    Overwriting math alphabet `\mathbf' in version `normal'
(Font)                  OT1/cmr/bx/n --> OT4/cmr/bx/n on input line 360.
LaTeX Font Info:    Overwriting math alphabet `\mathsf' in version `normal'
(Font)                  OT1/cmss/m/n --> OT4/cmss/m/n on input line 360.
LaTeX Font Info:    Overwriting math alphabet `\mathit' in version `normal'
(Font)                  OT1/cmr/m/it --> OT4/cmr/m/it on input line 360.
LaTeX Font Info:    Overwriting math alphabet `\mathtt' in version `normal'
(Font)                  OT1/cmtt/m/n --> OT4/cmtt/m/n on input line 360.
LaTeX Font Info:    Overwriting math alphabet `\mathsf' in version `bold'
(Font)                  OT1/cmss/bx/n --> OT4/cmss/bx/n on input line 360.
LaTeX Font Info:    Overwriting math alphabet `\mathit' in version `bold'
(Font)                  OT1/cmr/bx/it --> OT4/cmr/bx/it on input line 360.
LaTeX Font Info:    Encoding `OT1' has changed to `OT4' for symbol font
(Font)              `operators' in the math version `normal' on input line 360.

LaTeX Font Info:    Overwriting symbol font `operators' in version `normal'
(Font)                  OT1/cmr/m/n --> OT4/cmr/m/n on input line 360.
LaTeX Font Info:    Overwriting symbol font `letters' in version `normal'
(Font)                  OML/cmm/m/it --> OML/plm/m/it on input line 360.
LaTeX Font Info:    Overwriting symbol font `symbols' in version `normal'
(Font)                  OMS/cmsy/m/n --> OMS/plsy/m/n on input line 360.
LaTeX Font Info:    Overwriting symbol font `largesymbols' in version `normal'
(Font)                  OMX/cmex/m/n --> OMX/plex/m/n on input line 360.
LaTeX Font Info:    Encoding `OT1' has changed to `OT4' for symbol font
(Font)              `operators' in the math version `bold' on input line 360.
LaTeX Font Info:    Overwriting symbol font `operators' in version `bold'
(Font)                  OT1/cmr/bx/n --> OT4/cmr/bx/n on input line 360.
LaTeX Font Info:    Overwriting symbol font `letters' in version `bold'
(Font)                  OML/cmm/b/it --> OML/plm/b/it on input line 360.
LaTeX Font Info:    Overwriting symbol font `symbols' in version `bold'
(Font)                  OMS/cmsy/b/n --> OMS/plsy/b/n on input line 360.
)
("C:\Program Files\MiKTeX 2.9\tex/latex/base\inputenc.sty"
Package: inputenc 2018/08/11 v1.3c Input encoding file
\inpenc@prehook=\toks14
\inpenc@posthook=\toks15
)
("C:\Program Files\MiKTeX 2.9\tex/latex/graphics\graphicx.sty"
Package: graphicx 2017/06/01 v1.1a Enhanced LaTeX Graphics (DPC,SPQR)

("C:\Program Files\MiKTeX 2.9\tex/latex/graphics\keyval.sty"
Package: keyval 2014/10/28 v1.15 key=value parser (DPC)
\KV@toks@=\toks16
)
("C:\Program Files\MiKTeX 2.9\tex/latex/graphics\graphics.sty"
Package: graphics 2019/11/01 v1.3d Standard LaTeX Graphics (DPC,SPQR)

("C:\Program Files\MiKTeX 2.9\tex/latex/graphics\trig.sty"
Package: trig 2016/01/03 v1.10 sin cos tan (DPC)
)
("C:\Program Files\MiKTeX 2.9\tex/latex/graphics-cfg\graphics.cfg"
File: graphics.cfg 2016/06/04 v1.11 sample graphics configuration
)
Package graphics Info: Driver file: pdftex.def on input line 105.

("C:\Program Files\MiKTeX 2.9\tex/latex/graphics-def\pdftex.def"
File: pdftex.def 2018/01/08 v1.0l Graphics/color driver for pdftex
))
\Gin@req@height=\dimen103
\Gin@req@width=\dimen104
)
("C:\Program Files\MiKTeX 2.9\tex/latex/url\url.sty"
\Urlmuskip=\muskip10
Package: url 2013/09/16  ver 3.4  Verb mode for urls, etc.
) (projekt.aux)
\openout1 = `projekt.aux'.

LaTeX Font Info:    Checking defaults for OML/cmm/m/it on input line 8.
LaTeX Font Info:    ... okay on input line 8.
LaTeX Font Info:    Checking defaults for T1/cmr/m/n on input line 8.
LaTeX Font Info:    ... okay on input line 8.
LaTeX Font Info:    Checking defaults for OT1/cmr/m/n on input line 8.
LaTeX Font Info:    ... okay on input line 8.
LaTeX Font Info:    Checking defaults for OMS/cmsy/m/n on input line 8.
LaTeX Font Info:    ... okay on input line 8.
LaTeX Font Info:    Checking defaults for OMX/cmex/m/n on input line 8.
LaTeX Font Info:    ... okay on input line 8.
LaTeX Font Info:    Checking defaults for U/cmr/m/n on input line 8.
LaTeX Font Info:    ... okay on input line 8.
LaTeX Font Info:    Checking defaults for OT4/cmr/m/n on input line 8.
LaTeX Font Info:    ... okay on input line 8.

("C:\Program Files\MiKTeX 2.9\tex/context/base/mkii\supp-pdf.mkii"
[Loading MPS to PDF converter (version 2006.09.02).]
\scratchcounter=\count89
\scratchdimen=\dimen105
\scratchbox=\box27
\nofMPsegments=\count90
\nofMParguments=\count91
\everyMPshowfont=\toks17
\MPscratchCnt=\count92
\MPscratchDim=\dimen106
\MPnumerator=\count93
\makeMPintoPDFobject=\count94
\everyMPtoPDFconversion=\toks18
) ("C:\Program Files\MiKTeX 2.9\tex/latex/epstopdf-pkg\epstopdf-base.sty"
Package: epstopdf-base 2019-12-09 v2.10 Base part for package epstopdf
Package epstopdf-base Info: Redefining graphics rule for `.eps' on input line 4
85.
)
LaTeX Font Info:    Trying to load font information for OML+plm on input line 9
.

(C:\Users\Szymon\AppData\Roaming\MiKTeX\2.9\tex/latex/polski\omlplm.fd
File: omlplm.fd 2008/02/24 v1.2.1 Font defs for fonts PL (MW)
)
LaTeX Font Info:    Trying to load font information for OMS+plsy on input line 
9.

(C:\Users\Szymon\AppData\Roaming\MiKTeX\2.9\tex/latex/polski\omsplsy.fd
File: omsplsy.fd 2008/02/24 v1.2.1 Font defs for fonts PL (MW)
)
LaTeX Font Info:    Trying to load font information for OMX+plex on input line 
9.

(C:\Users\Szymon\AppData\Roaming\MiKTeX\2.9\tex/latex/polski\omxplex.fd
File: omxplex.fd 2008/02/24 v1.2.1 Font defs for fonts PL (MW)
)
LaTeX Font Info:    External font `plex10' loaded for size
(Font)              <12> on input line 9.
LaTeX Font Info:    External font `plex10' loaded for size
(Font)              <8> on input line 9.
LaTeX Font Info:    External font `plex10' loaded for size
(Font)              <6> on input line 9.

[1

{C:/Users/Szymon/AppData/Local/MiKTeX/2.9/pdftex/config/pdftex.map}]
(projekt.toc
LaTeX Font Info:    External font `plex10' loaded for size
(Font)              <10> on input line 2.
LaTeX Font Info:    External font `plex10' loaded for size
(Font)              <7> on input line 2.
LaTeX Font Info:    External font `plex10' loaded for size
(Font)              <5> on input line 2.
)
\tf@toc=\write3
\openout3 = `projekt.toc'.

 [1

]
Rozdzia\PlPrIeC {\l } 1.
LaTeX Font Info:    Trying to load font information for OMS+cmr on input line 2
0.
("C:\Program Files\MiKTeX 2.9\tex/latex/base\omscmr.fd"
File: omscmr.fd 2014/09/29 v2.5h Standard LaTeX font definitions
)
LaTeX Font Info:    Font shape `OMS/cmr/m/n' in size <10> not available
(Font)              Font shape `OMS/cmsy/m/n' tried instead on input line 20.
 [2

] [3]
Rozdzia\PlPrIeC {\l } 2.
<obraz1.jpg, id=24, 642.4pt x 392.46625pt>
File: obraz1.jpg Graphic file (type jpg)
<use obraz1.jpg>
Package pdftex.def Info: obraz1.jpg  used on input line 56.
(pdftex.def)             Requested size: 308.3485pt x 188.38165pt.
[4

 <./obraz1.jpg>]
<tabela.png, id=28, 592.2125pt x 692.5875pt>
File: tabela.png Graphic file (type png)
<use tabela.png>
Package pdftex.def Info: tabela.png  used on input line 64.
(pdftex.def)             Requested size: 355.33023pt x 415.5557pt.

Overfull \hbox (10.33023pt too wide) in paragraph at lines 64--65
 [][] 
 []


LaTeX Warning: `h' float specifier changed to `ht'.

[5] [6 <./tabela.png>]
Rozdzia\PlPrIeC {\l } 3.
[7

] (projekt.lof)
\tf@lof=\write4
\openout4 = `projekt.lof'.

 (projekt.bbl [8

]
LaTeX Font Info:    Trying to load font information for OT4+cmtt on input line 
5.

(C:\Users\Szymon\AppData\Roaming\MiKTeX\2.9\tex/latex/polski\ot4cmtt.fd
File: ot4cmtt.fd 2008/02/24 v1.2.1 Font defs for fonts PL (MW)
)
Missing character: There is no Å in font pltt10!

Underfull \hbox (badness 2932) in paragraph at lines 8--13
[]\OT4/cmr/m/n/10 Paweª Bie-drzyc-ki.  Wy-ni-ki ba-da-nia: czyn-ni-ki suk-ce-su
 na gieª-dzie.
 []


Underfull \hbox (badness 10000) in paragraph at lines 8--13
\OT4/cmtt/m/n/10 https : / / strefainwestorow . pl / wykres _ tygodnia / wyniki
 _ badania _
 []


Underfull \hbox (badness 10000) in paragraph at lines 15--20
[]\OT4/cmr/m/n/10 Krzysztof Goª-dy.  In-we-sto-wa-nie na gieª-dzie dla po-
 []


Underfull \hbox (badness 10000) in paragraph at lines 15--20
\OT4/cmr/m/n/10 cz¡t-ku-j¡-cych.  $\OT4/cmtt/m/n/10 https : / / www . bankier .
 pl / wiadomosc /
 []

) [9

] (projekt.aux) ) 
Here is how much of TeX's memory you used:
 1441 strings out of 492483
 19162 string characters out of 3130462
 80051 words of memory out of 3000000
 5775 multiletter control sequences out of 15000+200000
 16117 words of font info for 44 fonts, out of 3000000 for 9000
 1141 hyphenation exceptions out of 8191
 30i,8n,27p,720b,237s stack positions out of 5000i,500n,10000p,200000b,50000s
{C:/Users/Szymon/AppData/Roaming/MiKTeX/2.9/fonts/enc/dvips/pl
/pltt.enc}{C:/Users/Szymon/AppData/Roaming/MiKTeX/2.9/fonts/enc/dvips/pl/plit.e
nc}{C:/Users/Szymon/AppData/Roaming/MiKTeX/2.9/fonts/enc/dvips/pl/plrm.enc}<C:/
Program Files/MiKTeX 2.9/fonts/type1/public/amsfonts/cm/cmsy10.pfb><C:/Users/Sz
ymon/AppData/Roaming/MiKTeX/2.9/fonts/type1/public/pl/plbx10.pfb><C:/Users/Szym
on/AppData/Roaming/MiKTeX/2.9/fonts/type1/public/pl/plbx12.pfb><C:/Users/Szymon
/AppData/Roaming/MiKTeX/2.9/fonts/type1/public/pl/plr10.pfb><C:/Users/Szymon/Ap
pData/Roaming/MiKTeX/2.9/fonts/type1/public/pl/plr12.pfb><C:/Users/Szymon/AppDa
ta/Roaming/MiKTeX/2.9/fonts/type1/public/pl/plr17.pfb><C:/Users/Szymon/AppData/
Roaming/MiKTeX/2.9/fonts/type1/public/pl/plr6.pfb><C:/Users/Szymon/AppData/Roam
ing/MiKTeX/2.9/fonts/type1/public/pl/plr7.pfb><C:/Users/Szymon/AppData/Roaming/
MiKTeX/2.9/fonts/type1/public/pl/plr8.pfb><C:/Users/Szymon/AppData/Roaming/MiKT
eX/2.9/fonts/type1/public/pl/plti12.pfb><C:/Users/Szymon/AppData/Roaming/MiKTeX
/2.9/fonts/type1/public/pl/pltt10.pfb>
Output written on projekt.pdf (10 pages, 368978 bytes).
PDF statistics:
 84 PDF objects out of 1000 (max. 8388607)
 0 named destinations out of 1000 (max. 500000)
 11 words of extra memory for PDF output out of 10000 (max. 10000000)

